1519976711747	geckodriver	INFO	geckodriver 0.19.1
1519976711753	geckodriver	INFO	Listening on 127.0.0.1:54894
1519976712808	mozrunner::runner	INFO	Running command: "/Applications/Firefox.app/Contents/MacOS/firefox-bin" "-marionette" "-profile" "/var/folders/r7/_l4_5dy1703g_fhhc2rryxr80000gp/T/rust_mozprofile.LHV6MLqJI1bb"
1519976713286	Marionette	INFO	Enabled via --marionette
2018-03-02 13:15:13.955 plugin-container[805:41056] *** CFMessagePort: bootstrap_register(): failed 1100 (0x44c) 'Permission denied', port = 0x783f, name = 'com.apple.tsm.portname'
See /usr/include/servers/bootstrap_defs.h for the error codes.
2018-03-02 13:15:13.956 plugin-container[805:41056] GetInputSourceEnabledPrefs user file path = /Users/siddharth/Library/Preferences/com.apple.HIToolbox.plist
2018-03-02 13:15:13.956 plugin-container[805:41056] GetInputSourceEnabledPrefs effective user id path = 502
2018-03-02 13:15:13.956 plugin-container[805:41056] GetInputSourceEnabledPrefs user pref content = <CFBasicHash 0x119e4f200 [0x7fffae4b9980]>{type = immutable dict, count = 0,
entries =>
}
1519976714328	Marionette	INFO	Listening on port 54905
1519976714387	Marionette	WARN	TLS certificate errors will be ignored for this session
2018-03-02 13:15:14.843 plugin-container[806:41143] *** CFMessagePort: bootstrap_register(): failed 1100 (0x44c) 'Permission denied', port = 0x793f, name = 'com.apple.tsm.portname'
See /usr/include/servers/bootstrap_defs.h for the error codes.
2018-03-02 13:15:14.843 plugin-container[806:41143] GetInputSourceEnabledPrefs user file path = /Users/siddharth/Library/Preferences/com.apple.HIToolbox.plist
2018-03-02 13:15:14.843 plugin-container[806:41143] GetInputSourceEnabledPrefs effective user id path = 502
2018-03-02 13:15:14.843 plugin-container[806:41143] GetInputSourceEnabledPrefs user pref content = <CFBasicHash 0x112dd8180 [0x7fffae4b9980]>{type = immutable dict, count = 0,
entries =>
}
1519976744280	geckodriver	INFO	geckodriver 0.19.1
1519976744283	geckodriver	INFO	Listening on 127.0.0.1:55087
1519976745339	mozrunner::runner	INFO	Running command: "/Applications/Firefox.app/Contents/MacOS/firefox-bin" "-marionette" "-profile" "/var/folders/r7/_l4_5dy1703g_fhhc2rryxr80000gp/T/rust_mozprofile.9nsbFeJRkoCT"
1519976745669	Marionette	INFO	Enabled via --marionette
2018-03-02 13:15:46.272 plugin-container[822:41707] *** CFMessagePort: bootstrap_register(): failed 1100 (0x44c) 'Permission denied', port = 0x8a03, name = 'com.apple.tsm.portname'
See /usr/include/servers/bootstrap_defs.h for the error codes.
2018-03-02 13:15:46.273 plugin-container[822:41707] GetInputSourceEnabledPrefs user file path = /Users/siddharth/Library/Preferences/com.apple.HIToolbox.plist
2018-03-02 13:15:46.273 plugin-container[822:41707] GetInputSourceEnabledPrefs effective user id path = 502
2018-03-02 13:15:46.273 plugin-container[822:41707] GetInputSourceEnabledPrefs user pref content = <CFBasicHash 0x11cb95b40 [0x7fffae4b9980]>{type = immutable dict, count = 0,
entries =>
}
1519976746576	Marionette	INFO	Listening on port 55094
1519976746599	Marionette	WARN	TLS certificate errors will be ignored for this session
2018-03-02 13:15:47.201 plugin-container[823:41795] *** CFMessagePort: bootstrap_register(): failed 1100 (0x44c) 'Permission denied', port = 0x8403, name = 'com.apple.tsm.portname'
See /usr/include/servers/bootstrap_defs.h for the error codes.
2018-03-02 13:15:47.201 plugin-container[823:41795] GetInputSourceEnabledPrefs user file path = /Users/siddharth/Library/Preferences/com.apple.HIToolbox.plist
2018-03-02 13:15:47.201 plugin-container[823:41795] GetInputSourceEnabledPrefs effective user id path = 502
2018-03-02 13:15:47.201 plugin-container[823:41795] GetInputSourceEnabledPrefs user pref content = <CFBasicHash 0x123ed1180 [0x7fffae4b9980]>{type = immutable dict, count = 0,
entries =>
}
*** UTM:SVC TimerManager:registerTimer called after profile-before-change notification. Ignoring timer registration for id: telemetry_modules_ping
*** UTM:SVC TimerManager:registerTimer called after profile-before-change notification. Ignoring timer registration for id: telemetry_modules_ping
1519977377036	geckodriver	INFO	geckodriver 0.19.1
1519977377039	geckodriver	INFO	Listening on 127.0.0.1:55991
1519977378095	mozrunner::runner	INFO	Running command: "/Applications/Firefox.app/Contents/MacOS/firefox-bin" "-marionette" "-profile" "/var/folders/r7/_l4_5dy1703g_fhhc2rryxr80000gp/T/rust_mozprofile.qhbQ7at8XgJI"
1519977378418	Marionette	INFO	Enabled via --marionette
2018-03-02 13:26:19.025 plugin-container[835:46425] *** CFMessagePort: bootstrap_register(): failed 1100 (0x44c) 'Permission denied', port = 0x7c43, name = 'com.apple.tsm.portname'
See /usr/include/servers/bootstrap_defs.h for the error codes.
2018-03-02 13:26:19.026 plugin-container[835:46425] GetInputSourceEnabledPrefs user file path = /Users/siddharth/Library/Preferences/com.apple.HIToolbox.plist
2018-03-02 13:26:19.026 plugin-container[835:46425] GetInputSourceEnabledPrefs effective user id path = 502
2018-03-02 13:26:19.026 plugin-container[835:46425] GetInputSourceEnabledPrefs user pref content = <CFBasicHash 0x123cf6040 [0x7fffae4b9980]>{type = immutable dict, count = 0,
entries =>
}
1519977379314	Marionette	INFO	Listening on port 55998
1519977379339	Marionette	WARN	TLS certificate errors will be ignored for this session
2018-03-02 13:26:19.930 plugin-container[836:46501] *** CFMessagePort: bootstrap_register(): failed 1100 (0x44c) 'Permission denied', port = 0x8807, name = 'com.apple.tsm.portname'
See /usr/include/servers/bootstrap_defs.h for the error codes.
2018-03-02 13:26:19.930 plugin-container[836:46501] GetInputSourceEnabledPrefs user file path = /Users/siddharth/Library/Preferences/com.apple.HIToolbox.plist
2018-03-02 13:26:19.930 plugin-container[836:46501] GetInputSourceEnabledPrefs effective user id path = 502
2018-03-02 13:26:19.930 plugin-container[836:46501] GetInputSourceEnabledPrefs user pref content = <CFBasicHash 0x11d9d9140 [0x7fffae4b9980]>{type = immutable dict, count = 0,
entries =>
}
console.warn: LoginRecipes: getRecipes: falling back to a synchronous message for: https://providers.geisinger.org
1519977493923	geckodriver	INFO	geckodriver 0.19.1
1519977493926	geckodriver	INFO	Listening on 127.0.0.1:56277
1519977494982	mozrunner::runner	INFO	Running command: "/Applications/Firefox.app/Contents/MacOS/firefox-bin" "-marionette" "-profile" "/var/folders/r7/_l4_5dy1703g_fhhc2rryxr80000gp/T/rust_mozprofile.NlszGRTRDcHb"
1519977495318	Marionette	INFO	Enabled via --marionette
2018-03-02 13:28:15.941 plugin-container[845:47290] *** CFMessagePort: bootstrap_register(): failed 1100 (0x44c) 'Permission denied', port = 0x8643, name = 'com.apple.tsm.portname'
See /usr/include/servers/bootstrap_defs.h for the error codes.
2018-03-02 13:28:15.942 plugin-container[845:47290] GetInputSourceEnabledPrefs user file path = /Users/siddharth/Library/Preferences/com.apple.HIToolbox.plist
2018-03-02 13:28:15.942 plugin-container[845:47290] GetInputSourceEnabledPrefs effective user id path = 502
2018-03-02 13:28:15.942 plugin-container[845:47290] GetInputSourceEnabledPrefs user pref content = <CFBasicHash 0x12206ee00 [0x7fffae4b9980]>{type = immutable dict, count = 0,
entries =>
}
1519977496314	Marionette	INFO	Listening on port 56287
1519977496413	Marionette	WARN	TLS certificate errors will be ignored for this session
2018-03-02 13:28:16.864 plugin-container[846:47375] *** CFMessagePort: bootstrap_register(): failed 1100 (0x44c) 'Permission denied', port = 0x8407, name = 'com.apple.tsm.portname'
See /usr/include/servers/bootstrap_defs.h for the error codes.
2018-03-02 13:28:16.865 plugin-container[846:47375] GetInputSourceEnabledPrefs user file path = /Users/siddharth/Library/Preferences/com.apple.HIToolbox.plist
2018-03-02 13:28:16.865 plugin-container[846:47375] GetInputSourceEnabledPrefs effective user id path = 502
2018-03-02 13:28:16.865 plugin-container[846:47375] GetInputSourceEnabledPrefs user pref content = <CFBasicHash 0x11eed1240 [0x7fffae4b9980]>{type = immutable dict, count = 0,
entries =>
}
1519977548616	geckodriver	INFO	geckodriver 0.19.1
1519977548619	geckodriver	INFO	Listening on 127.0.0.1:56493
1519977549682	mozrunner::runner	INFO	Running command: "/Applications/Firefox.app/Contents/MacOS/firefox-bin" "-marionette" "-profile" "/var/folders/r7/_l4_5dy1703g_fhhc2rryxr80000gp/T/rust_mozprofile.xpyUIssPqeLX"
1519977550036	Marionette	INFO	Enabled via --marionette
2018-03-02 13:29:10.706 plugin-container[855:47944] *** CFMessagePort: bootstrap_register(): failed 1100 (0x44c) 'Permission denied', port = 0x793f, name = 'com.apple.tsm.portname'
See /usr/include/servers/bootstrap_defs.h for the error codes.
2018-03-02 13:29:10.707 plugin-container[855:47944] GetInputSourceEnabledPrefs user file path = /Users/siddharth/Library/Preferences/com.apple.HIToolbox.plist
2018-03-02 13:29:10.707 plugin-container[855:47944] GetInputSourceEnabledPrefs effective user id path = 502
2018-03-02 13:29:10.707 plugin-container[855:47944] GetInputSourceEnabledPrefs user pref content = <CFBasicHash 0x114896a40 [0x7fffae4b9980]>{type = immutable dict, count = 0,
entries =>
}
1519977551016	Marionette	INFO	Listening on port 56500
1519977551034	Marionette	WARN	TLS certificate errors will be ignored for this session
2018-03-02 13:29:11.600 plugin-container[856:48028] *** CFMessagePort: bootstrap_register(): failed 1100 (0x44c) 'Permission denied', port = 0x7a43, name = 'com.apple.tsm.portname'
See /usr/include/servers/bootstrap_defs.h for the error codes.
2018-03-02 13:29:11.600 plugin-container[856:48028] GetInputSourceEnabledPrefs user file path = /Users/siddharth/Library/Preferences/com.apple.HIToolbox.plist
2018-03-02 13:29:11.600 plugin-container[856:48028] GetInputSourceEnabledPrefs effective user id path = 502
2018-03-02 13:29:11.600 plugin-container[856:48028] GetInputSourceEnabledPrefs user pref content = <CFBasicHash 0x1174d0240 [0x7fffae4b9980]>{type = immutable dict, count = 0,
entries =>
}
*** UTM:SVC TimerManager:registerTimer called after profile-before-change notification. Ignoring timer registration for id: telemetry_modules_ping
[GFX1-]: Receive IPC close with reason=AbnormalShutdown
1519977816588	geckodriver	INFO	geckodriver 0.19.1
1519977816591	geckodriver	INFO	Listening on 127.0.0.1:56959
1519977817647	mozrunner::runner	INFO	Running command: "/Applications/Firefox.app/Contents/MacOS/firefox-bin" "-marionette" "-profile" "/var/folders/r7/_l4_5dy1703g_fhhc2rryxr80000gp/T/rust_mozprofile.9tmN7SE2G1vv"
1519977817977	Marionette	INFO	Enabled via --marionette
2018-03-02 13:33:38.577 plugin-container[869:50772] *** CFMessagePort: bootstrap_register(): failed 1100 (0x44c) 'Permission denied', port = 0x6f07, name = 'com.apple.tsm.portname'
See /usr/include/servers/bootstrap_defs.h for the error codes.
2018-03-02 13:33:38.578 plugin-container[869:50772] GetInputSourceEnabledPrefs user file path = /Users/siddharth/Library/Preferences/com.apple.HIToolbox.plist
2018-03-02 13:33:38.578 plugin-container[869:50772] GetInputSourceEnabledPrefs effective user id path = 502
2018-03-02 13:33:38.578 plugin-container[869:50772] GetInputSourceEnabledPrefs user pref content = <CFBasicHash 0x119234240 [0x7fffae4b9980]>{type = immutable dict, count = 0,
entries =>
}
1519977818858	Marionette	INFO	Listening on port 56966
1519977818892	Marionette	WARN	TLS certificate errors will be ignored for this session
2018-03-02 13:33:39.473 plugin-container[870:50849] *** CFMessagePort: bootstrap_register(): failed 1100 (0x44c) 'Permission denied', port = 0x7d43, name = 'com.apple.tsm.portname'
See /usr/include/servers/bootstrap_defs.h for the error codes.
2018-03-02 13:33:39.474 plugin-container[870:50849] GetInputSourceEnabledPrefs user file path = /Users/siddharth/Library/Preferences/com.apple.HIToolbox.plist
2018-03-02 13:33:39.474 plugin-container[870:50849] GetInputSourceEnabledPrefs effective user id path = 502
2018-03-02 13:33:39.474 plugin-container[870:50849] GetInputSourceEnabledPrefs user pref content = <CFBasicHash 0x11beda1c0 [0x7fffae4b9980]>{type = immutable dict, count = 0,
entries =>
}
1519977852922	geckodriver	INFO	geckodriver 0.19.1
1519977852926	geckodriver	INFO	Listening on 127.0.0.1:57149
1519977853984	mozrunner::runner	INFO	Running command: "/Applications/Firefox.app/Contents/MacOS/firefox-bin" "-marionette" "-profile" "/var/folders/r7/_l4_5dy1703g_fhhc2rryxr80000gp/T/rust_mozprofile.TjKm5ovtYYD2"
1519977854310	Marionette	INFO	Enabled via --marionette
2018-03-02 13:34:14.918 plugin-container[879:51207] *** CFMessagePort: bootstrap_register(): failed 1100 (0x44c) 'Permission denied', port = 0x833f, name = 'com.apple.tsm.portname'
See /usr/include/servers/bootstrap_defs.h for the error codes.
2018-03-02 13:34:14.918 plugin-container[879:51207] GetInputSourceEnabledPrefs user file path = /Users/siddharth/Library/Preferences/com.apple.HIToolbox.plist
2018-03-02 13:34:14.919 plugin-container[879:51207] GetInputSourceEnabledPrefs effective user id path = 502
2018-03-02 13:34:14.919 plugin-container[879:51207] GetInputSourceEnabledPrefs user pref content = <CFBasicHash 0x118e9bac0 [0x7fffae4b9980]>{type = immutable dict, count = 0,
entries =>
}
1519977855198	Marionette	INFO	Listening on port 57156
1519977855227	Marionette	WARN	TLS certificate errors will be ignored for this session
2018-03-02 13:34:15.809 plugin-container[880:51280] *** CFMessagePort: bootstrap_register(): failed 1100 (0x44c) 'Permission denied', port = 0x763f, name = 'com.apple.tsm.portname'
See /usr/include/servers/bootstrap_defs.h for the error codes.
2018-03-02 13:34:15.810 plugin-container[880:51280] GetInputSourceEnabledPrefs user file path = /Users/siddharth/Library/Preferences/com.apple.HIToolbox.plist
2018-03-02 13:34:15.810 plugin-container[880:51280] GetInputSourceEnabledPrefs effective user id path = 502
2018-03-02 13:34:15.810 plugin-container[880:51280] GetInputSourceEnabledPrefs user pref content = <CFBasicHash 0x1195db200 [0x7fffae4b9980]>{type = immutable dict, count = 0,
entries =>
}
1519977886393	geckodriver	INFO	geckodriver 0.19.1
1519977886396	geckodriver	INFO	Listening on 127.0.0.1:57362
1519977887456	mozrunner::runner	INFO	Running command: "/Applications/Firefox.app/Contents/MacOS/firefox-bin" "-marionette" "-profile" "/var/folders/r7/_l4_5dy1703g_fhhc2rryxr80000gp/T/rust_mozprofile.zeJD2ZJSjAnd"
1519977887789	Marionette	INFO	Enabled via --marionette
2018-03-02 13:34:48.393 plugin-container[889:51901] *** CFMessagePort: bootstrap_register(): failed 1100 (0x44c) 'Permission denied', port = 0x7b3f, name = 'com.apple.tsm.portname'
See /usr/include/servers/bootstrap_defs.h for the error codes.
2018-03-02 13:34:48.394 plugin-container[889:51901] GetInputSourceEnabledPrefs user file path = /Users/siddharth/Library/Preferences/com.apple.HIToolbox.plist
2018-03-02 13:34:48.394 plugin-container[889:51901] GetInputSourceEnabledPrefs effective user id path = 502
2018-03-02 13:34:48.394 plugin-container[889:51901] GetInputSourceEnabledPrefs user pref content = <CFBasicHash 0x11f0989c0 [0x7fffae4b9980]>{type = immutable dict, count = 0,
entries =>
}
1519977888652	Marionette	INFO	Listening on port 57370
1519977888726	Marionette	WARN	TLS certificate errors will be ignored for this session
2018-03-02 13:34:49.280 plugin-container[890:51984] *** CFMessagePort: bootstrap_register(): failed 1100 (0x44c) 'Permission denied', port = 0x8743, name = 'com.apple.tsm.portname'
See /usr/include/servers/bootstrap_defs.h for the error codes.
2018-03-02 13:34:49.281 plugin-container[890:51984] GetInputSourceEnabledPrefs user file path = /Users/siddharth/Library/Preferences/com.apple.HIToolbox.plist
2018-03-02 13:34:49.281 plugin-container[890:51984] GetInputSourceEnabledPrefs effective user id path = 502
2018-03-02 13:34:49.281 plugin-container[890:51984] GetInputSourceEnabledPrefs user pref content = <CFBasicHash 0x1164d4240 [0x7fffae4b9980]>{type = immutable dict, count = 0,
entries =>
}
1519977927846	geckodriver	INFO	geckodriver 0.19.1
1519977927850	geckodriver	INFO	Listening on 127.0.0.1:57551
1519977928914	mozrunner::runner	INFO	Running command: "/Applications/Firefox.app/Contents/MacOS/firefox-bin" "-marionette" "-profile" "/var/folders/r7/_l4_5dy1703g_fhhc2rryxr80000gp/T/rust_mozprofile.dQrt7RMvHh0l"
1519977929299	Marionette	INFO	Enabled via --marionette
2018-03-02 13:35:29.989 plugin-container[899:52700] *** CFMessagePort: bootstrap_register(): failed 1100 (0x44c) 'Permission denied', port = 0x7f3f, name = 'com.apple.tsm.portname'
See /usr/include/servers/bootstrap_defs.h for the error codes.
2018-03-02 13:35:29.990 plugin-container[899:52700] GetInputSourceEnabledPrefs user file path = /Users/siddharth/Library/Preferences/com.apple.HIToolbox.plist
2018-03-02 13:35:29.990 plugin-container[899:52700] GetInputSourceEnabledPrefs effective user id path = 502
2018-03-02 13:35:29.990 plugin-container[899:52700] GetInputSourceEnabledPrefs user pref content = <CFBasicHash 0x116257d40 [0x7fffae4b9980]>{type = immutable dict, count = 0,
entries =>
}
1519977930297	Marionette	INFO	Listening on port 57558
1519977930376	Marionette	WARN	TLS certificate errors will be ignored for this session
2018-03-02 13:35:30.862 plugin-container[900:52777] *** CFMessagePort: bootstrap_register(): failed 1100 (0x44c) 'Permission denied', port = 0x880b, name = 'com.apple.tsm.portname'
See /usr/include/servers/bootstrap_defs.h for the error codes.
2018-03-02 13:35:30.863 plugin-container[900:52777] GetInputSourceEnabledPrefs user file path = /Users/siddharth/Library/Preferences/com.apple.HIToolbox.plist
2018-03-02 13:35:30.863 plugin-container[900:52777] GetInputSourceEnabledPrefs effective user id path = 502
2018-03-02 13:35:30.863 plugin-container[900:52777] GetInputSourceEnabledPrefs user pref content = <CFBasicHash 0x11e4d8200 [0x7fffae4b9980]>{type = immutable dict, count = 0,
entries =>
}
*** UTM:SVC TimerManager:registerTimer called after profile-before-change notification. Ignoring timer registration for id: telemetry_modules_ping
1519978166092	geckodriver	INFO	geckodriver 0.19.1
1519978166095	geckodriver	INFO	Listening on 127.0.0.1:57962
1519978167153	mozrunner::runner	INFO	Running command: "/Applications/Firefox.app/Contents/MacOS/firefox-bin" "-marionette" "-profile" "/var/folders/r7/_l4_5dy1703g_fhhc2rryxr80000gp/T/rust_mozprofile.lTDNHa6RSF7A"
1519978167493	Marionette	INFO	Enabled via --marionette
2018-03-02 13:39:28.129 plugin-container[917:54582] *** CFMessagePort: bootstrap_register(): failed 1100 (0x44c) 'Permission denied', port = 0x7607, name = 'com.apple.tsm.portname'
See /usr/include/servers/bootstrap_defs.h for the error codes.
2018-03-02 13:39:28.129 plugin-container[917:54582] GetInputSourceEnabledPrefs user file path = /Users/siddharth/Library/Preferences/com.apple.HIToolbox.plist
2018-03-02 13:39:28.129 plugin-container[917:54582] GetInputSourceEnabledPrefs effective user id path = 502
2018-03-02 13:39:28.129 plugin-container[917:54582] GetInputSourceEnabledPrefs user pref content = <CFBasicHash 0x11b8449c0 [0x7fffae4b9980]>{type = immutable dict, count = 0,
entries =>
}
1519978168448	Marionette	INFO	Listening on port 57969
1519978168505	Marionette	WARN	TLS certificate errors will be ignored for this session
2018-03-02 13:39:29.027 plugin-container[918:54671] *** CFMessagePort: bootstrap_register(): failed 1100 (0x44c) 'Permission denied', port = 0x7f3f, name = 'com.apple.tsm.portname'
See /usr/include/servers/bootstrap_defs.h for the error codes.
2018-03-02 13:39:29.028 plugin-container[918:54671] GetInputSourceEnabledPrefs user file path = /Users/siddharth/Library/Preferences/com.apple.HIToolbox.plist
2018-03-02 13:39:29.028 plugin-container[918:54671] GetInputSourceEnabledPrefs effective user id path = 502
2018-03-02 13:39:29.028 plugin-container[918:54671] GetInputSourceEnabledPrefs user pref content = <CFBasicHash 0x1211d7200 [0x7fffae4b9980]>{type = immutable dict, count = 0,
entries =>
}
1519978339248	geckodriver	INFO	geckodriver 0.19.1
1519978339251	geckodriver	INFO	Listening on 127.0.0.1:58306
1519978340309	mozrunner::runner	INFO	Running command: "/Applications/Firefox.app/Contents/MacOS/firefox-bin" "-marionette" "-profile" "/var/folders/r7/_l4_5dy1703g_fhhc2rryxr80000gp/T/rust_mozprofile.UCQ3XQZ63N0W"
1519978340668	Marionette	INFO	Enabled via --marionette
2018-03-02 13:42:21.385 plugin-container[928:56037] *** CFMessagePort: bootstrap_register(): failed 1100 (0x44c) 'Permission denied', port = 0x810b, name = 'com.apple.tsm.portname'
See /usr/include/servers/bootstrap_defs.h for the error codes.
2018-03-02 13:42:21.385 plugin-container[928:56037] GetInputSourceEnabledPrefs user file path = /Users/siddharth/Library/Preferences/com.apple.HIToolbox.plist
2018-03-02 13:42:21.385 plugin-container[928:56037] GetInputSourceEnabledPrefs effective user id path = 502
2018-03-02 13:42:21.386 plugin-container[928:56037] GetInputSourceEnabledPrefs user pref content = <CFBasicHash 0x116263ac0 [0x7fffae4b9980]>{type = immutable dict, count = 0,
entries =>
}
1519978341712	Marionette	INFO	Listening on port 58313
1519978341793	Marionette	WARN	TLS certificate errors will be ignored for this session
2018-03-02 13:42:22.227 plugin-container[929:56131] *** CFMessagePort: bootstrap_register(): failed 1100 (0x44c) 'Permission denied', port = 0x823f, name = 'com.apple.tsm.portname'
See /usr/include/servers/bootstrap_defs.h for the error codes.
2018-03-02 13:42:22.228 plugin-container[929:56131] GetInputSourceEnabledPrefs user file path = /Users/siddharth/Library/Preferences/com.apple.HIToolbox.plist
2018-03-02 13:42:22.228 plugin-container[929:56131] GetInputSourceEnabledPrefs effective user id path = 502
2018-03-02 13:42:22.228 plugin-container[929:56131] GetInputSourceEnabledPrefs user pref content = <CFBasicHash 0x1160d41c0 [0x7fffae4b9980]>{type = immutable dict, count = 0,
entries =>
}
1519978376658	geckodriver	INFO	geckodriver 0.19.1
1519978376662	geckodriver	INFO	Listening on 127.0.0.1:58501
1519978377723	mozrunner::runner	INFO	Running command: "/Applications/Firefox.app/Contents/MacOS/firefox-bin" "-marionette" "-profile" "/var/folders/r7/_l4_5dy1703g_fhhc2rryxr80000gp/T/rust_mozprofile.L84pSvzKetAQ"
1519978378054	Marionette	INFO	Enabled via --marionette
2018-03-02 13:42:58.651 plugin-container[938:56501] *** CFMessagePort: bootstrap_register(): failed 1100 (0x44c) 'Permission denied', port = 0x7d43, name = 'com.apple.tsm.portname'
See /usr/include/servers/bootstrap_defs.h for the error codes.
2018-03-02 13:42:58.651 plugin-container[938:56501] GetInputSourceEnabledPrefs user file path = /Users/siddharth/Library/Preferences/com.apple.HIToolbox.plist
2018-03-02 13:42:58.651 plugin-container[938:56501] GetInputSourceEnabledPrefs effective user id path = 502
2018-03-02 13:42:58.651 plugin-container[938:56501] GetInputSourceEnabledPrefs user pref content = <CFBasicHash 0x115247240 [0x7fffae4b9980]>{type = immutable dict, count = 0,
entries =>
}
1519978378936	Marionette	INFO	Listening on port 58508
1519978378988	Marionette	WARN	TLS certificate errors will be ignored for this session
2018-03-02 13:42:59.546 plugin-container[939:56582] *** CFMessagePort: bootstrap_register(): failed 1100 (0x44c) 'Permission denied', port = 0x7707, name = 'com.apple.tsm.portname'
See /usr/include/servers/bootstrap_defs.h for the error codes.
2018-03-02 13:42:59.546 plugin-container[939:56582] GetInputSourceEnabledPrefs user file path = /Users/siddharth/Library/Preferences/com.apple.HIToolbox.plist
2018-03-02 13:42:59.546 plugin-container[939:56582] GetInputSourceEnabledPrefs effective user id path = 502
2018-03-02 13:42:59.546 plugin-container[939:56582] GetInputSourceEnabledPrefs user pref content = <CFBasicHash 0x11eed5240 [0x7fffae4b9980]>{type = immutable dict, count = 0,
entries =>
}
1519978456388	geckodriver	INFO	geckodriver 0.19.1
1519978456391	geckodriver	INFO	Listening on 127.0.0.1:58752
1519978457452	mozrunner::runner	INFO	Running command: "/Applications/Firefox.app/Contents/MacOS/firefox-bin" "-marionette" "-profile" "/var/folders/r7/_l4_5dy1703g_fhhc2rryxr80000gp/T/rust_mozprofile.RrzfVUPVl77Y"
1519978457793	Marionette	INFO	Enabled via --marionette
2018-03-02 13:44:18.436 plugin-container[951:57348] *** CFMessagePort: bootstrap_register(): failed 1100 (0x44c) 'Permission denied', port = 0x7603, name = 'com.apple.tsm.portname'
See /usr/include/servers/bootstrap_defs.h for the error codes.
2018-03-02 13:44:18.436 plugin-container[951:57348] GetInputSourceEnabledPrefs user file path = /Users/siddharth/Library/Preferences/com.apple.HIToolbox.plist
2018-03-02 13:44:18.436 plugin-container[951:57348] GetInputSourceEnabledPrefs effective user id path = 502
2018-03-02 13:44:18.436 plugin-container[951:57348] GetInputSourceEnabledPrefs user pref content = <CFBasicHash 0x11b798ac0 [0x7fffae4b9980]>{type = immutable dict, count = 0,
entries =>
}
1519978458735	Marionette	INFO	Listening on port 58761
1519978458791	Marionette	WARN	TLS certificate errors will be ignored for this session
2018-03-02 13:44:19.347 plugin-container[952:57421] *** CFMessagePort: bootstrap_register(): failed 1100 (0x44c) 'Permission denied', port = 0x7903, name = 'com.apple.tsm.portname'
See /usr/include/servers/bootstrap_defs.h for the error codes.
2018-03-02 13:44:19.348 plugin-container[952:57421] GetInputSourceEnabledPrefs user file path = /Users/siddharth/Library/Preferences/com.apple.HIToolbox.plist
2018-03-02 13:44:19.348 plugin-container[952:57421] GetInputSourceEnabledPrefs effective user id path = 502
2018-03-02 13:44:19.348 plugin-container[952:57421] GetInputSourceEnabledPrefs user pref content = <CFBasicHash 0x11c0d91c0 [0x7fffae4b9980]>{type = immutable dict, count = 0,
entries =>
}
[GFX1-]: Receive IPC close with reason=AbnormalShutdown
1519978574404	geckodriver	INFO	geckodriver 0.19.1
1519978574407	geckodriver	INFO	Listening on 127.0.0.1:59045
1519978575468	mozrunner::runner	INFO	Running command: "/Applications/Firefox.app/Contents/MacOS/firefox-bin" "-marionette" "-profile" "/var/folders/r7/_l4_5dy1703g_fhhc2rryxr80000gp/T/rust_mozprofile.72R73V1R3eNx"
1519978575806	Marionette	INFO	Enabled via --marionette
2018-03-02 13:46:16.405 plugin-container[980:59001] *** CFMessagePort: bootstrap_register(): failed 1100 (0x44c) 'Permission denied', port = 0x7c3b, name = 'com.apple.tsm.portname'
See /usr/include/servers/bootstrap_defs.h for the error codes.
2018-03-02 13:46:16.406 plugin-container[980:59001] GetInputSourceEnabledPrefs user file path = /Users/siddharth/Library/Preferences/com.apple.HIToolbox.plist
2018-03-02 13:46:16.406 plugin-container[980:59001] GetInputSourceEnabledPrefs effective user id path = 502
2018-03-02 13:46:16.406 plugin-container[980:59001] GetInputSourceEnabledPrefs user pref content = <CFBasicHash 0x122a96ac0 [0x7fffae4b9980]>{type = immutable dict, count = 0,
entries =>
}
1519978576681	Marionette	INFO	Listening on port 59052
1519978576706	Marionette	WARN	TLS certificate errors will be ignored for this session
2018-03-02 13:46:17.301 plugin-container[981:59079] *** CFMessagePort: bootstrap_register(): failed 1100 (0x44c) 'Permission denied', port = 0x743b, name = 'com.apple.tsm.portname'
See /usr/include/servers/bootstrap_defs.h for the error codes.
2018-03-02 13:46:17.302 plugin-container[981:59079] GetInputSourceEnabledPrefs user file path = /Users/siddharth/Library/Preferences/com.apple.HIToolbox.plist
2018-03-02 13:46:17.302 plugin-container[981:59079] GetInputSourceEnabledPrefs effective user id path = 502
2018-03-02 13:46:17.302 plugin-container[981:59079] GetInputSourceEnabledPrefs user pref content = <CFBasicHash 0x118bd8240 [0x7fffae4b9980]>{type = immutable dict, count = 0,
entries =>
}
1519978637913	geckodriver	INFO	geckodriver 0.19.1
1519978637917	geckodriver	INFO	Listening on 127.0.0.1:59279
1519978638970	mozrunner::runner	INFO	Running command: "/Applications/Firefox.app/Contents/MacOS/firefox-bin" "-marionette" "-profile" "/var/folders/r7/_l4_5dy1703g_fhhc2rryxr80000gp/T/rust_mozprofile.i05XkdqDUR9w"
1519978639314	Marionette	INFO	Enabled via --marionette
2018-03-02 13:47:19.925 plugin-container[990:59961] *** CFMessagePort: bootstrap_register(): failed 1100 (0x44c) 'Permission denied', port = 0x853b, name = 'com.apple.tsm.portname'
See /usr/include/servers/bootstrap_defs.h for the error codes.
2018-03-02 13:47:19.926 plugin-container[990:59961] GetInputSourceEnabledPrefs user file path = /Users/siddharth/Library/Preferences/com.apple.HIToolbox.plist
2018-03-02 13:47:19.926 plugin-container[990:59961] GetInputSourceEnabledPrefs effective user id path = 502
2018-03-02 13:47:19.926 plugin-container[990:59961] GetInputSourceEnabledPrefs user pref content = <CFBasicHash 0x1205461c0 [0x7fffae4b9980]>{type = immutable dict, count = 0,
entries =>
}
1519978640210	Marionette	INFO	Listening on port 59290
1519978640316	Marionette	WARN	TLS certificate errors will be ignored for this session
2018-03-02 13:47:20.832 plugin-container[991:60038] *** CFMessagePort: bootstrap_register(): failed 1100 (0x44c) 'Permission denied', port = 0x843f, name = 'com.apple.tsm.portname'
See /usr/include/servers/bootstrap_defs.h for the error codes.
2018-03-02 13:47:20.833 plugin-container[991:60038] GetInputSourceEnabledPrefs user file path = /Users/siddharth/Library/Preferences/com.apple.HIToolbox.plist
2018-03-02 13:47:20.833 plugin-container[991:60038] GetInputSourceEnabledPrefs effective user id path = 502
2018-03-02 13:47:20.833 plugin-container[991:60038] GetInputSourceEnabledPrefs user pref content = <CFBasicHash 0x1183d6200 [0x7fffae4b9980]>{type = immutable dict, count = 0,
entries =>
}
1519978861014	geckodriver	INFO	geckodriver 0.19.1
1519978861018	geckodriver	INFO	Listening on 127.0.0.1:59659
1519978862081	mozrunner::runner	INFO	Running command: "/Applications/Firefox.app/Contents/MacOS/firefox-bin" "-marionette" "-profile" "/var/folders/r7/_l4_5dy1703g_fhhc2rryxr80000gp/T/rust_mozprofile.SSP8AmlevPK5"
1519978862445	Marionette	INFO	Enabled via --marionette
2018-03-02 13:51:03.087 plugin-container[1008:62079] *** CFMessagePort: bootstrap_register(): failed 1100 (0x44c) 'Permission denied', port = 0x8143, name = 'com.apple.tsm.portname'
See /usr/include/servers/bootstrap_defs.h for the error codes.
2018-03-02 13:51:03.088 plugin-container[1008:62079] GetInputSourceEnabledPrefs user file path = /Users/siddharth/Library/Preferences/com.apple.HIToolbox.plist
2018-03-02 13:51:03.088 plugin-container[1008:62079] GetInputSourceEnabledPrefs effective user id path = 502
2018-03-02 13:51:03.088 plugin-container[1008:62079] GetInputSourceEnabledPrefs user pref content = <CFBasicHash 0x122f699c0 [0x7fffae4b9980]>{type = immutable dict, count = 0,
entries =>
}
1519978863344	Marionette	INFO	Listening on port 59666
1519978863438	Marionette	WARN	TLS certificate errors will be ignored for this session
2018-03-02 13:51:03.991 plugin-container[1009:62162] *** CFMessagePort: bootstrap_register(): failed 1100 (0x44c) 'Permission denied', port = 0x7f43, name = 'com.apple.tsm.portname'
See /usr/include/servers/bootstrap_defs.h for the error codes.
2018-03-02 13:51:03.992 plugin-container[1009:62162] GetInputSourceEnabledPrefs user file path = /Users/siddharth/Library/Preferences/com.apple.HIToolbox.plist
2018-03-02 13:51:03.992 plugin-container[1009:62162] GetInputSourceEnabledPrefs effective user id path = 502
2018-03-02 13:51:03.992 plugin-container[1009:62162] GetInputSourceEnabledPrefs user pref content = <CFBasicHash 0x1213da280 [0x7fffae4b9980]>{type = immutable dict, count = 0,
entries =>
}
[GFX1-]: Receive IPC close with reason=AbnormalShutdown
1519979571475	geckodriver	INFO	geckodriver 0.19.1
1519979571478	geckodriver	INFO	Listening on 127.0.0.1:60431
1519979572526	mozrunner::runner	INFO	Running command: "/Applications/Firefox.app/Contents/MacOS/firefox-bin" "-marionette" "-profile" "/var/folders/r7/_l4_5dy1703g_fhhc2rryxr80000gp/T/rust_mozprofile.PsEUdatCrgWp"
1519979572863	Marionette	INFO	Enabled via --marionette
2018-03-02 14:02:53.442 plugin-container[1049:67414] *** CFMessagePort: bootstrap_register(): failed 1100 (0x44c) 'Permission denied', port = 0x793f, name = 'com.apple.tsm.portname'
See /usr/include/servers/bootstrap_defs.h for the error codes.
2018-03-02 14:02:53.443 plugin-container[1049:67414] GetInputSourceEnabledPrefs user file path = /Users/siddharth/Library/Preferences/com.apple.HIToolbox.plist
2018-03-02 14:02:53.443 plugin-container[1049:67414] GetInputSourceEnabledPrefs effective user id path = 502
2018-03-02 14:02:53.443 plugin-container[1049:67414] GetInputSourceEnabledPrefs user pref content = <CFBasicHash 0x112e8de00 [0x7fffae4b9980]>{type = immutable dict, count = 0,
entries =>
}
1519979573737	Marionette	INFO	Listening on port 60438
1519979573766	Marionette	WARN	TLS certificate errors will be ignored for this session
2018-03-02 14:02:54.359 plugin-container[1050:67490] *** CFMessagePort: bootstrap_register(): failed 1100 (0x44c) 'Permission denied', port = 0x833b, name = 'com.apple.tsm.portname'
See /usr/include/servers/bootstrap_defs.h for the error codes.
2018-03-02 14:02:54.359 plugin-container[1050:67490] GetInputSourceEnabledPrefs user file path = /Users/siddharth/Library/Preferences/com.apple.HIToolbox.plist
2018-03-02 14:02:54.359 plugin-container[1050:67490] GetInputSourceEnabledPrefs effective user id path = 502
2018-03-02 14:02:54.360 plugin-container[1050:67490] GetInputSourceEnabledPrefs user pref content = <CFBasicHash 0x1232ee240 [0x7fffae4b9980]>{type = immutable dict, count = 0,
entries =>
}
1519979581191	geckodriver	INFO	geckodriver 0.19.1
1519979581195	geckodriver	INFO	Listening on 127.0.0.1:60503
1519979582248	mozrunner::runner	INFO	Running command: "/Applications/Firefox.app/Contents/MacOS/firefox-bin" "-marionette" "-profile" "/var/folders/r7/_l4_5dy1703g_fhhc2rryxr80000gp/T/rust_mozprofile.KcYGJGLNicR0"
1519979582648	Marionette	INFO	Enabled via --marionette
2018-03-02 14:03:03.305 plugin-container[1053:67663] *** CFMessagePort: bootstrap_register(): failed 1100 (0x44c) 'Permission denied', port = 0x7f3f, name = 'com.apple.tsm.portname'
See /usr/include/servers/bootstrap_defs.h for the error codes.
2018-03-02 14:03:03.306 plugin-container[1053:67663] GetInputSourceEnabledPrefs user file path = /Users/siddharth/Library/Preferences/com.apple.HIToolbox.plist
2018-03-02 14:03:03.306 plugin-container[1053:67663] GetInputSourceEnabledPrefs effective user id path = 502
2018-03-02 14:03:03.306 plugin-container[1053:67663] GetInputSourceEnabledPrefs user pref content = <CFBasicHash 0x116a68e40 [0x7fffae4b9980]>{type = immutable dict, count = 0,
entries =>
}
1519979583600	Marionette	INFO	Listening on port 60541
1519979583623	Marionette	WARN	TLS certificate errors will be ignored for this session
2018-03-02 14:03:04.194 plugin-container[1054:67743] *** CFMessagePort: bootstrap_register(): failed 1100 (0x44c) 'Permission denied', port = 0x852f, name = 'com.apple.tsm.portname'
See /usr/include/servers/bootstrap_defs.h for the error codes.
2018-03-02 14:03:04.195 plugin-container[1054:67743] GetInputSourceEnabledPrefs user file path = /Users/siddharth/Library/Preferences/com.apple.HIToolbox.plist
2018-03-02 14:03:04.195 plugin-container[1054:67743] GetInputSourceEnabledPrefs effective user id path = 502
2018-03-02 14:03:04.195 plugin-container[1054:67743] GetInputSourceEnabledPrefs user pref content = <CFBasicHash 0x11b0ef200 [0x7fffae4b9980]>{type = immutable dict, count = 0,
entries =>
}
IPDL protocol error: Handler returned error code!

###!!! [Parent][DispatchAsyncMessage] Error: PLayerTransaction::Msg_ReleaseLayer Processing error: message was deserialized, but the handler returned false (indicating failure)

1519979721950	geckodriver	INFO	geckodriver 0.19.1
1519979721953	geckodriver	INFO	Listening on 127.0.0.1:60874
1519979723002	mozrunner::runner	INFO	Running command: "/Applications/Firefox.app/Contents/MacOS/firefox-bin" "-marionette" "-profile" "/var/folders/r7/_l4_5dy1703g_fhhc2rryxr80000gp/T/rust_mozprofile.MuNOjhVdOm8Y"
1519979723338	Marionette	INFO	Enabled via --marionette
2018-03-02 14:05:23.938 plugin-container[1074:68783] *** CFMessagePort: bootstrap_register(): failed 1100 (0x44c) 'Permission denied', port = 0x7903, name = 'com.apple.tsm.portname'
See /usr/include/servers/bootstrap_defs.h for the error codes.
2018-03-02 14:05:23.938 plugin-container[1074:68783] GetInputSourceEnabledPrefs user file path = /Users/siddharth/Library/Preferences/com.apple.HIToolbox.plist
2018-03-02 14:05:23.938 plugin-container[1074:68783] GetInputSourceEnabledPrefs effective user id path = 502
2018-03-02 14:05:23.938 plugin-container[1074:68783] GetInputSourceEnabledPrefs user pref content = <CFBasicHash 0x12005d140 [0x7fffae4b9980]>{type = immutable dict, count = 0,
entries =>
}
1519979724223	Marionette	INFO	Listening on port 60884
1519979724250	Marionette	WARN	TLS certificate errors will be ignored for this session
2018-03-02 14:05:24.823 plugin-container[1075:68863] *** CFMessagePort: bootstrap_register(): failed 1100 (0x44c) 'Permission denied', port = 0x8243, name = 'com.apple.tsm.portname'
See /usr/include/servers/bootstrap_defs.h for the error codes.
2018-03-02 14:05:24.824 plugin-container[1075:68863] GetInputSourceEnabledPrefs user file path = /Users/siddharth/Library/Preferences/com.apple.HIToolbox.plist
2018-03-02 14:05:24.824 plugin-container[1075:68863] GetInputSourceEnabledPrefs effective user id path = 502
2018-03-02 14:05:24.824 plugin-container[1075:68863] GetInputSourceEnabledPrefs user pref content = <CFBasicHash 0x121bf3240 [0x7fffae4b9980]>{type = immutable dict, count = 0,
entries =>
}
1519979736329	geckodriver	INFO	geckodriver 0.19.1
1519979736332	geckodriver	INFO	Listening on 127.0.0.1:60956
1519979737381	mozrunner::runner	INFO	Running command: "/Applications/Firefox.app/Contents/MacOS/firefox-bin" "-marionette" "-profile" "/var/folders/r7/_l4_5dy1703g_fhhc2rryxr80000gp/T/rust_mozprofile.KMY5PH8fkhKW"
1519979737745	Marionette	INFO	Enabled via --marionette
2018-03-02 14:05:38.359 plugin-container[1078:69094] *** CFMessagePort: bootstrap_register(): failed 1100 (0x44c) 'Permission denied', port = 0x863f, name = 'com.apple.tsm.portname'
See /usr/include/servers/bootstrap_defs.h for the error codes.
2018-03-02 14:05:38.359 plugin-container[1078:69094] GetInputSourceEnabledPrefs user file path = /Users/siddharth/Library/Preferences/com.apple.HIToolbox.plist
2018-03-02 14:05:38.359 plugin-container[1078:69094] GetInputSourceEnabledPrefs effective user id path = 502
2018-03-02 14:05:38.359 plugin-container[1078:69094] GetInputSourceEnabledPrefs user pref content = <CFBasicHash 0x121b65a80 [0x7fffae4b9980]>{type = immutable dict, count = 0,
entries =>
}
1519979738646	Marionette	INFO	Listening on port 60990
1519979738722	Marionette	WARN	TLS certificate errors will be ignored for this session
2018-03-02 14:05:39.257 plugin-container[1079:69193] *** CFMessagePort: bootstrap_register(): failed 1100 (0x44c) 'Permission denied', port = 0x7303, name = 'com.apple.tsm.portname'
See /usr/include/servers/bootstrap_defs.h for the error codes.
2018-03-02 14:05:39.258 plugin-container[1079:69193] GetInputSourceEnabledPrefs user file path = /Users/siddharth/Library/Preferences/com.apple.HIToolbox.plist
2018-03-02 14:05:39.258 plugin-container[1079:69193] GetInputSourceEnabledPrefs effective user id path = 502
2018-03-02 14:05:39.258 plugin-container[1079:69193] GetInputSourceEnabledPrefs user pref content = <CFBasicHash 0x119df51c0 [0x7fffae4b9980]>{type = immutable dict, count = 0,
entries =>
}
1519979780867	geckodriver	INFO	geckodriver 0.19.1
1519979780870	geckodriver	INFO	Listening on 127.0.0.1:61255
1519979781917	mozrunner::runner	INFO	Running command: "/Applications/Firefox.app/Contents/MacOS/firefox-bin" "-marionette" "-profile" "/var/folders/r7/_l4_5dy1703g_fhhc2rryxr80000gp/T/rust_mozprofile.jBnLCcxYMkwe"
1519979782246	Marionette	INFO	Enabled via --marionette
2018-03-02 14:06:22.871 plugin-container[1086:69672] *** CFMessagePort: bootstrap_register(): failed 1100 (0x44c) 'Permission denied', port = 0x7d47, name = 'com.apple.tsm.portname'
See /usr/include/servers/bootstrap_defs.h for the error codes.
2018-03-02 14:06:22.872 plugin-container[1086:69672] GetInputSourceEnabledPrefs user file path = /Users/siddharth/Library/Preferences/com.apple.HIToolbox.plist
2018-03-02 14:06:22.872 plugin-container[1086:69672] GetInputSourceEnabledPrefs effective user id path = 502
2018-03-02 14:06:22.872 plugin-container[1086:69672] GetInputSourceEnabledPrefs user pref content = <CFBasicHash 0x1147b7b00 [0x7fffae4b9980]>{type = immutable dict, count = 0,
entries =>
}
1519979783139	Marionette	INFO	Listening on port 61267
1519979783214	Marionette	WARN	TLS certificate errors will be ignored for this session
2018-03-02 14:06:23.748 plugin-container[1087:69753] *** CFMessagePort: bootstrap_register(): failed 1100 (0x44c) 'Permission denied', port = 0x7c33, name = 'com.apple.tsm.portname'
See /usr/include/servers/bootstrap_defs.h for the error codes.
2018-03-02 14:06:23.749 plugin-container[1087:69753] GetInputSourceEnabledPrefs user file path = /Users/siddharth/Library/Preferences/com.apple.HIToolbox.plist
2018-03-02 14:06:23.749 plugin-container[1087:69753] GetInputSourceEnabledPrefs effective user id path = 502
2018-03-02 14:06:23.749 plugin-container[1087:69753] GetInputSourceEnabledPrefs user pref content = <CFBasicHash 0x121df0200 [0x7fffae4b9980]>{type = immutable dict, count = 0,
entries =>
}
1519979790392	geckodriver	INFO	geckodriver 0.19.1
1519979790397	geckodriver	INFO	Listening on 127.0.0.1:61344
1519979791445	mozrunner::runner	INFO	Running command: "/Applications/Firefox.app/Contents/MacOS/firefox-bin" "-marionette" "-profile" "/var/folders/r7/_l4_5dy1703g_fhhc2rryxr80000gp/T/rust_mozprofile.BYdHzu06gNft"
1519979791869	Marionette	INFO	Enabled via --marionette
2018-03-02 14:06:32.510 plugin-container[1090:69933] *** CFMessagePort: bootstrap_register(): failed 1100 (0x44c) 'Permission denied', port = 0x8103, name = 'com.apple.tsm.portname'
See /usr/include/servers/bootstrap_defs.h for the error codes.
2018-03-02 14:06:32.511 plugin-container[1090:69933] GetInputSourceEnabledPrefs user file path = /Users/siddharth/Library/Preferences/com.apple.HIToolbox.plist
2018-03-02 14:06:32.511 plugin-container[1090:69933] GetInputSourceEnabledPrefs effective user id path = 502
2018-03-02 14:06:32.511 plugin-container[1090:69933] GetInputSourceEnabledPrefs user pref content = <CFBasicHash 0x11725c0c0 [0x7fffae4b9980]>{type = immutable dict, count = 0,
entries =>
}
1519979792799	Marionette	INFO	Listening on port 61371
1519979792891	Marionette	WARN	TLS certificate errors will be ignored for this session
2018-03-02 14:06:33.410 plugin-container[1091:70013] *** CFMessagePort: bootstrap_register(): failed 1100 (0x44c) 'Permission denied', port = 0x7b43, name = 'com.apple.tsm.portname'
See /usr/include/servers/bootstrap_defs.h for the error codes.
2018-03-02 14:06:33.410 plugin-container[1091:70013] GetInputSourceEnabledPrefs user file path = /Users/siddharth/Library/Preferences/com.apple.HIToolbox.plist
2018-03-02 14:06:33.410 plugin-container[1091:70013] GetInputSourceEnabledPrefs effective user id path = 502
2018-03-02 14:06:33.410 plugin-container[1091:70013] GetInputSourceEnabledPrefs user pref content = <CFBasicHash 0x11b8f1200 [0x7fffae4b9980]>{type = immutable dict, count = 0,
entries =>
}
